build/app/outputs/mapping/release/mapping.txt
# compiler: R8
# compiler_version: 1.5.64
# min_api: 16
# pg_map_id: f376c62
...
com.google.android.exoplayer2.source.CompositeSequenceableLoader -> b.a.a.a.q0.o:
    com.google.android.exoplayer2.source.SequenceableLoader[] loaders -> a
    boolean continueLoading(long) -> b
    void reevaluateBuffer(long) -> c
    long getBufferedPositionUs() -> d
    long getNextLoadPositionUs() -> f
com.google.android.exoplayer2.source.CompositeSequenceableLoaderFactory -> b.a.a.a.q0.p:
    com.google.android.exoplayer2.source.SequenceableLoader createCompositeSequenceableLoader(com.google.android.exoplayer2.source.SequenceableLoader[]) -> a
com.google.android.exoplayer2.source.DefaultCompositeSequenceableLoaderFactory -> b.a.a.a.q0.q:
    com.google.android.exoplayer2.source.SequenceableLoader createCompositeSequenceableLoader(com.google.android.exoplayer2.source.SequenceableLoader[]) -> a
com.google.android.exoplayer2.source.EmptySampleStream -> b.a.a.a.q0.r:
    void maybeThrowError() -> a
    int readData(com.google.android.exoplayer2.FormatHolder,com.google.android.exoplayer2.decoder.DecoderInputBuffer,boolean) -> a
    boolean isReady() -> c
    int skipData(long) -> d
com.google.android.exoplayer2.source.ExtractorMediaPeriod -> b.a.a.a.q0.s:
    com.google.android.exoplayer2.extractor.SeekMap seekMap -> p
    com.google.android.exoplayer2.source.MediaPeriod$Callback callback -> o
    long durationUs -> B
    int extractedSamplesCountAtStartOfLoad -> G
    long lastSeekPositionUs -> D
    com.google.android.exoplayer2.upstream.DataSource dataSource -> b
    com.google.android.exoplayer2.source.SampleQueue[] sampleQueues -> q
    boolean sampleQueuesBuilt -> s
    android.net.Uri uri -> a
    int enabledTrackCount -> A
    boolean notifyDiscontinuity -> y
    com.google.android.exoplayer2.source.MediaSourceEventListener$EventDispatcher eventDispatcher -> d
    java.lang.Runnable onContinueLoadingRequestedRunnable -> m
    int dataType -> w
    com.google.android.exoplayer2.util.ConditionVariable loadCondition -> k
    java.lang.String customCacheKey -> g
    int[] sampleQueueTrackIds -> r
    boolean released -> I
    long pendingResetPositionUs -> E
    long continueLoadingCheckIntervalBytes -> h
    com.google.android.exoplayer2.upstream.Loader loader -> i
    boolean haveAudioVideoTracks -> v
    boolean seenFirstTrackSelection -> x
    long length -> C
    com.google.android.exoplayer2.source.ExtractorMediaPeriod$ExtractorHolder extractorHolder -> j
    boolean prepared -> t
    com.google.android.exoplayer2.upstream.Allocator allocator -> f
    boolean notifiedReadingStarted -> z